<?xml version="1.0" encoding="UTF-8"?>
<testng-results skipped="0" failed="0" ignored="0" total="1" passed="1">
  <reporter-output>
  </reporter-output>
  <suite name="DriverFactory.AppTest" duration-ms="46313" started-at="2020-01-09T12:03:05Z" finished-at="2020-01-09T12:03:52Z">
    <groups>
    </groups>
    <test name="Command line test" duration-ms="46313" started-at="2020-01-09T12:03:05Z" finished-at="2020-01-09T12:03:52Z">
      <class name="DriverFactory.AppTest">
        <test-method status="PASS" signature="startTest()[pri:0, instance:DriverFactory.AppTest@52af6cff]" name="startTest" duration-ms="46262" started-at="2020-01-09T12:03:05Z" finished-at="2020-01-09T12:03:52Z">
          <reporter-output>
          </reporter-output>
        </test-method> <!-- startTest -->
      </class> <!-- DriverFactory.AppTest -->
    </test> <!-- Command line test -->
  </suite> <!-- DriverFactory.AppTest -->
</testng-results>
